<?xml version="1.0" encoding="UTF-8"?>
<!-- Generated by org.testng.reporters.JUnitXMLReporter -->
<testsuite ignored="0" hostname="LAPTOP-HIKG7N16" failures="0" tests="6" name="login" time="1.753" errors="0" timestamp="2024-03-05T18:32:18 ICT">
  <testcase classname="com.api.auto.testcase.TC_API_Login" name="TC01_Validate200Ok" time="0.007"/>
  <testcase classname="com.api.auto.testcase.TC_API_Login" name="TC02_ValidateMessage" time="0.366"/>
  <testcase classname="com.api.auto.testcase.TC_API_Login" name="TC03_ValidateToken" time="0.033"/>
  <testcase classname="com.api.auto.testcase.TC_API_Login" name="TC06_ValidateUserType" time="0.009"/>
  <testcase classname="com.api.auto.testcase.TC_API_Login" name="TC04_ValidateUserAccount" time="0.008"/>
  <testcase classname="com.api.auto.testcase.TC_API_Login" name="TC05_ValidateUserPassword" time="0.009"/>
</testsuite> <!-- login -->
