<?xml version="1.0" encoding="UTF-8"?>
<!-- Generated by org.testng.reporters.JUnitXMLReporter -->
<testsuite ignored="0" hostname="LAPTOP-HIKG7N16" failures="0" tests="6" name="Default test" time="1.972" errors="0" timestamp="2024-04-18T15:33:47 ICT">
  <testcase classname="com.api.auto.testcase.TC_API_Login" name="TC01_Validate200Ok" time="0.008"/>
  <testcase classname="com.api.auto.testcase.TC_API_Login" name="TC02_ValidateMessage" time="0.37"/>
  <testcase classname="com.api.auto.testcase.TC_API_Login" name="TC03_ValidateToken" time="0.032"/>
  <testcase classname="com.api.auto.testcase.TC_API_Login" name="TC06_ValidateUserType" time="0.009"/>
  <testcase classname="com.api.auto.testcase.TC_API_Login" name="TC04_ValidateUserAccount" time="0.009"/>
  <testcase classname="com.api.auto.testcase.TC_API_Login" name="TC05_ValidateUserPassword" time="0.008"/>
</testsuite> <!-- Default test -->
