<?xml version="1.0" encoding="UTF-8"?>
<testng-results ignored="0" total="6" passed="6" failed="0" skipped="0">
  <reporter-output>
  </reporter-output>
  <suite started-at="2024-04-18T15:33:45 ICT" name="Default suite" finished-at="2024-04-18T15:33:47 ICT" duration-ms="1972">
    <groups>
    </groups>
    <test started-at="2024-04-18T15:33:45 ICT" name="Default test" finished-at="2024-04-18T15:33:47 ICT" duration-ms="1972">
      <class name="com.api.auto.testcase.TC_API_Login">
        <test-method is-config="true" signature="unit()[pri:0, instance:com.api.auto.testcase.TC_API_Login@a530d0a]" started-at="2024-04-18T15:33:45 ICT" name="unit" finished-at="2024-04-18T15:33:46 ICT" duration-ms="1507" status="PASS">
          <reporter-output>
          </reporter-output>
        </test-method> <!-- unit -->
        <test-method signature="TC01_Validate200Ok()[pri:0, instance:com.api.auto.testcase.TC_API_Login@a530d0a]" started-at="2024-04-18T15:33:46 ICT" name="TC01_Validate200Ok" finished-at="2024-04-18T15:33:46 ICT" duration-ms="8" status="PASS">
          <reporter-output>
          </reporter-output>
        </test-method> <!-- TC01_Validate200Ok -->
        <test-method signature="TC02_ValidateMessage()[pri:1, instance:com.api.auto.testcase.TC_API_Login@a530d0a]" started-at="2024-04-18T15:33:46 ICT" name="TC02_ValidateMessage" finished-at="2024-04-18T15:33:47 ICT" duration-ms="370" status="PASS">
          <reporter-output>
          </reporter-output>
        </test-method> <!-- TC02_ValidateMessage -->
        <test-method signature="TC03_ValidateToken()[pri:2, instance:com.api.auto.testcase.TC_API_Login@a530d0a]" started-at="2024-04-18T15:33:47 ICT" name="TC03_ValidateToken" finished-at="2024-04-18T15:33:47 ICT" duration-ms="32" status="PASS">
          <reporter-output>
          </reporter-output>
        </test-method> <!-- TC03_ValidateToken -->
        <test-method signature="TC06_ValidateUserType()[pri:3, instance:com.api.auto.testcase.TC_API_Login@a530d0a]" started-at="2024-04-18T15:33:47 ICT" name="TC06_ValidateUserType" finished-at="2024-04-18T15:33:47 ICT" duration-ms="9" status="PASS">
          <reporter-output>
          </reporter-output>
        </test-method> <!-- TC06_ValidateUserType -->
        <test-method signature="TC04_ValidateUserAccount()[pri:4, instance:com.api.auto.testcase.TC_API_Login@a530d0a]" started-at="2024-04-18T15:33:47 ICT" name="TC04_ValidateUserAccount" finished-at="2024-04-18T15:33:47 ICT" duration-ms="9" status="PASS">
          <reporter-output>
          </reporter-output>
        </test-method> <!-- TC04_ValidateUserAccount -->
        <test-method signature="TC05_ValidateUserPassword()[pri:5, instance:com.api.auto.testcase.TC_API_Login@a530d0a]" started-at="2024-04-18T15:33:47 ICT" name="TC05_ValidateUserPassword" finished-at="2024-04-18T15:33:47 ICT" duration-ms="8" status="PASS">
          <reporter-output>
          </reporter-output>
        </test-method> <!-- TC05_ValidateUserPassword -->
      </class> <!-- com.api.auto.testcase.TC_API_Login -->
    </test> <!-- Default test -->
  </suite> <!-- Default suite -->
</testng-results>
